<?xml version="1.0" encoding="UTF-8"?>
<!-- Generated by org.testng.reporters.JUnitReportReporter -->
<testsuite hostname="LAPTOP-O9H6208O" failures="0" tests="1" name="TestClass" time="0.008" errors="0" timestamp="2024-12-18T19:21:55 IST" skipped="0">
  <testcase classname="TestClass" name="test" time="0.008"/>
</testsuite> <!-- TestClass -->
