<?xml version="1.0" encoding="UTF-8"?>
<!-- Generated by org.testng.reporters.JUnitReportReporter -->
<testsuite hostname="LAPTOP-O9H6208O" failures="0" tests="1" name="com.arj.Tests.TestClass" time="0.010" errors="0" timestamp="2025-01-16T16:46:43 IST" skipped="0">
  <testcase classname="com.arj.Tests.TestClass" name="foo" time="0.010"/>
</testsuite> <!-- com.arj.Tests.TestClass -->
