<?xml version="1.0" encoding="UTF-8"?>
<!-- Generated by org.testng.reporters.JUnitReportReporter -->
<testsuite hostname="LAPTOP-O9H6208O" failures="0" tests="1" name="com.arj.Tests.TEST1" time="49.418" errors="0" timestamp="2025-01-17T16:48:53 IST" skipped="0">
  <testcase classname="com.arj.Tests.TEST1" name="openurl" time="49.418"/>
</testsuite> <!-- com.arj.Tests.TEST1 -->
